0 info it worked if it ends with ok
1 verbose cli [ '/usr/local/Cellar/node/6.4.0/bin/node',
1 verbose cli   '/usr/local/bin/npm',
1 verbose cli   'run',
1 verbose cli   'push' ]
2 info using npm@3.10.3
3 info using node@v6.4.0
4 verbose run-script [ 'prepush', 'push', 'postpush' ]
5 info lifecycle custom-library@1.0.0~prepush: custom-library@1.0.0
6 silly lifecycle custom-library@1.0.0~prepush: no script for prepush, continuing
7 info lifecycle custom-library@1.0.0~push: custom-library@1.0.0
8 verbose lifecycle custom-library@1.0.0~push: unsafe-perm in lifecycle true
9 verbose lifecycle custom-library@1.0.0~push: PATH: /usr/local/lib/node_modules/npm/bin/node-gyp-bin:/Users/chaoweichiu/Desktop/fullstack/library/node_modules/.bin:/usr/local/Cellar/node/6.4.0/bin:/Users/chaoweichiu/.rvm/gems/ruby-2.3.0/bin:/Users/chaoweichiu/.rvm/gems/ruby-2.3.0@global/bin:/Users/chaoweichiu/.rvm/rubies/ruby-2.3.0/bin:/usr/local/bin:/Users/chaoweichiu/.bin:/usr/bin:/bin:/usr/sbin:/sbin:/usr/local/bin:/Users/chaoweichiu/.rvm/bin
10 verbose lifecycle custom-library@1.0.0~push: CWD: /Users/chaoweichiu/Desktop/fullstack/library
11 silly lifecycle custom-library@1.0.0~push: Args: [ '-c',
11 silly lifecycle   'git add . && git commit -m \'Edited README\'  && git push origin master ' ]
12 silly lifecycle custom-library@1.0.0~push: Returned: code: 1  signal: null
13 info lifecycle custom-library@1.0.0~push: Failed to exec push script
14 verbose stack Error: custom-library@1.0.0 push: `git add . && git commit -m 'Edited README'  && git push origin master `
14 verbose stack Exit status 1
14 verbose stack     at EventEmitter.<anonymous> (/usr/local/lib/node_modules/npm/lib/utils/lifecycle.js:242:16)
14 verbose stack     at emitTwo (events.js:106:13)
14 verbose stack     at EventEmitter.emit (events.js:191:7)
14 verbose stack     at ChildProcess.<anonymous> (/usr/local/lib/node_modules/npm/lib/utils/spawn.js:40:14)
14 verbose stack     at emitTwo (events.js:106:13)
14 verbose stack     at ChildProcess.emit (events.js:191:7)
14 verbose stack     at maybeClose (internal/child_process.js:852:16)
14 verbose stack     at Process.ChildProcess._handle.onexit (internal/child_process.js:215:5)
15 verbose pkgid custom-library@1.0.0
16 verbose cwd /Users/chaoweichiu/Desktop/fullstack/library
17 error Darwin 15.5.0
18 error argv "/usr/local/Cellar/node/6.4.0/bin/node" "/usr/local/bin/npm" "run" "push"
19 error node v6.4.0
20 error npm  v3.10.3
21 error code ELIFECYCLE
22 error custom-library@1.0.0 push: `git add . && git commit -m 'Edited README'  && git push origin master `
22 error Exit status 1
23 error Failed at the custom-library@1.0.0 push script 'git add . && git commit -m 'Edited README'  && git push origin master '.
23 error Make sure you have the latest version of node.js and npm installed.
23 error If you do, this is most likely a problem with the custom-library package,
23 error not with npm itself.
23 error Tell the author that this fails on your system:
23 error     git add . && git commit -m 'Edited README'  && git push origin master
23 error You can get information on how to open an issue for this project with:
23 error     npm bugs custom-library
23 error Or if that isn't available, you can get their info via:
23 error     npm owner ls custom-library
23 error There is likely additional logging output above.
24 verbose exit [ 1, true ]
